The system is: Windows - 10.0.19041 - AMD64
Compiling the C compiler identification source file "CMakeCCompilerId.c" succeeded.
Compiler: C:/Program Files (x86)/Microsoft Visual Studio/2019/Community/VC/Tools/MSVC/14.25.28610/bin/Hostx86/x86/cl.exe 
Build flags: 
Id flags:  

The output was:
0
Microsoft (R) C/C++ Optimizing Compiler Version 19.25.28614 for x86
Copyright (C) Microsoft Corporation.  All rights reserved.

CMakeCCompilerId.c
Microsoft (R) Incremental Linker Version 14.25.28614.0
Copyright (C) Microsoft Corporation.  All rights reserved.

/out:CMakeCCompilerId.exe 
CMakeCCompilerId.obj 


Compilation of the C compiler identification source "CMakeCCompilerId.c" produced "CMakeCCompilerId.exe"

Compilation of the C compiler identification source "CMakeCCompilerId.c" produced "CMakeCCompilerId.obj"

The C compiler identification is MSVC, found in "C:/Users/emili/CLionProjects/cNineOne/cmake-build-debug/CMakeFiles/3.17.3/CompilerIdC/CMakeCCompilerId.exe"

Determining if the C compiler works passed with the following output:
Change Dir: C:/Users/emili/CLionProjects/cNineOne/cmake-build-debug/CMakeFiles/CMakeTmp

Run Build Command(s):nmake /nologo cmTC_2c75e\fast && 	"C:\Program Files (x86)\Microsoft Visual Studio\2019\Community\VC\Tools\MSVC\14.25.28610\bin\HostX86\x86\nmake.exe"  -f CMakeFiles\cmTC_2c75e.dir\build.make /nologo -L                  CMakeFiles\cmTC_2c75e.dir\build
Building C object CMakeFiles/cmTC_2c75e.dir/testCCompiler.c.obj
	C:\PROGRA~2\MICROS~1\2019\COMMUN~1\VC\Tools\MSVC\1425~1.286\bin\Hostx86\x86\cl.exe @C:\Users\emili\AppData\Local\Temp\nmBF06.tmp
testCCompiler.c
Linking C executable cmTC_2c75e.exe
	C:\Users\emili\AppData\Local\JetBrains\Toolbox\apps\CLion\ch-0\203.5981.166\bin\cmake\win\bin\cmake.exe -E vs_link_exe --intdir=CMakeFiles\cmTC_2c75e.dir --rc=C:\PROGRA~2\WI3CF2~1\10\bin\100183~1.0\x86\rc.exe --mt=C:\PROGRA~2\WI3CF2~1\10\bin\100183~1.0\x86\mt.exe --manifests  -- C:\PROGRA~2\MICROS~1\2019\COMMUN~1\VC\Tools\MSVC\1425~1.286\bin\Hostx86\x86\link.exe /nologo @CMakeFiles\cmTC_2c75e.dir\objects1.rsp @C:\Users\emili\AppData\Local\Temp\nmBF84.tmp



Detecting C compiler ABI info compiled with the following output:
Change Dir: C:/Users/emili/CLionProjects/cNineOne/cmake-build-debug/CMakeFiles/CMakeTmp

Run Build Command(s):nmake /nologo cmTC_b30fb\fast && 	"C:\Program Files (x86)\Microsoft Visual Studio\2019\Community\VC\Tools\MSVC\14.25.28610\bin\HostX86\x86\nmake.exe"  -f CMakeFiles\cmTC_b30fb.dir\build.make /nologo -L                  CMakeFiles\cmTC_b30fb.dir\build
Building C object CMakeFiles/cmTC_b30fb.dir/CMakeCCompilerABI.c.obj
	C:\PROGRA~2\MICROS~1\2019\COMMUN~1\VC\Tools\MSVC\1425~1.286\bin\Hostx86\x86\cl.exe @C:\Users\emili\AppData\Local\Temp\nmC2BF.tmp
CMakeCCompilerABI.c
Linking C executable cmTC_b30fb.exe
	C:\Users\emili\AppData\Local\JetBrains\Toolbox\apps\CLion\ch-0\203.5981.166\bin\cmake\win\bin\cmake.exe -E vs_link_exe --intdir=CMakeFiles\cmTC_b30fb.dir --rc=C:\PROGRA~2\WI3CF2~1\10\bin\100183~1.0\x86\rc.exe --mt=C:\PROGRA~2\WI3CF2~1\10\bin\100183~1.0\x86\mt.exe --manifests  -- C:\PROGRA~2\MICROS~1\2019\COMMUN~1\VC\Tools\MSVC\1425~1.286\bin\Hostx86\x86\link.exe /nologo @CMakeFiles\cmTC_b30fb.dir\objects1.rsp @C:\Users\emili\AppData\Local\Temp\nmC32E.tmp



